<?xml version="1.0" encoding="UTF-8"?>
<!-- Generated by org.testng.reporters.JUnitReportReporter -->
<testsuite skipped="0" hostname="Nur" name="com.qa.hubspot.tests.LoginPageTest" tests="3" failures="0" timestamp="29 Jul 2020 21:39:34 GMT" time="8.573" errors="0">
  <testcase name="verifySignUpLinkTest" time="5.609" classname="com.qa.hubspot.tests.LoginPageTest"/>
  <testcase name="verifyLoginPageTitleTest" time="0.035" classname="com.qa.hubspot.tests.LoginPageTest"/>
  <testcase name="loginPageTest" time="2.929" classname="com.qa.hubspot.tests.LoginPageTest"/>
</testsuite> <!-- com.qa.hubspot.tests.LoginPageTest -->
