<?xml version="1.0" encoding="UTF-8"?>
<!-- Generated by org.testng.reporters.JUnitReportReporter -->
<testsuite skipped="0" hostname="Nur" name="com.qa.hubspot.tests.HomePageTest" tests="3" failures="0" timestamp="24 Jul 2020 20:33:51 GMT" time="6.106" errors="0">
  <testcase name="verifyHomePageHeaderTest" time="4.680" classname="com.qa.hubspot.tests.HomePageTest"/>
  <testcase name="verifyHomePageTitleTest" time="0.016" classname="com.qa.hubspot.tests.HomePageTest"/>
  <testcase name="verifyLoggedinUserTest" time="1.410" classname="com.qa.hubspot.tests.HomePageTest"/>
</testsuite> <!-- com.qa.hubspot.tests.HomePageTest -->
