<?xml version="1.0" encoding="UTF-8"?>
<!-- Generated by org.testng.reporters.JUnitReportReporter -->
<testsuite skipped="0" hostname="Nur" name="com.qa.hubspot.tests.LoginPageTest" tests="3" failures="0" timestamp="03 Oct 2020 21:05:43 GMT" time="8.021" errors="0">
  <testcase name="verifySignUpLinkTest" time="5.450" classname="com.qa.hubspot.tests.LoginPageTest"/>
  <testcase name="verifyLoginPageTitleTest" time="0.051" classname="com.qa.hubspot.tests.LoginPageTest"/>
  <testcase name="loginPageTest" time="2.520" classname="com.qa.hubspot.tests.LoginPageTest"/>
</testsuite> <!-- com.qa.hubspot.tests.LoginPageTest -->
