<?xml version="1.0" encoding="UTF-8"?>
<!-- Generated by org.testng.reporters.JUnitReportReporter -->
<testsuite skipped="0" hostname="Nur" name="com.qa.hubspot.tests.HomePageTest" tests="3" failures="0" timestamp="24 Jul 2020 23:15:18 GMT" time="5.583" errors="0">
  <testcase name="verifyHomePageHeaderTest" time="4.180" classname="com.qa.hubspot.tests.HomePageTest"/>
  <testcase name="verifyHomePageTitleTest" time="0.031" classname="com.qa.hubspot.tests.HomePageTest"/>
  <testcase name="verifyLoggedinUserTest" time="1.372" classname="com.qa.hubspot.tests.HomePageTest"/>
</testsuite> <!-- com.qa.hubspot.tests.HomePageTest -->
