<?xml version="1.0" encoding="UTF-8"?>
<!-- Generated by org.testng.reporters.JUnitReportReporter -->
<testsuite skipped="0" hostname="Nur" name="com.qa.hubspot.tests.LoginPageTest" tests="3" failures="0" timestamp="25 Jul 2020 09:31:53 GMT" time="8.379" errors="0">
  <testcase name="verifySignUpLinkTest" time="5.457" classname="com.qa.hubspot.tests.LoginPageTest"/>
  <testcase name="verifyLoginPageTitleTest" time="0.035" classname="com.qa.hubspot.tests.LoginPageTest"/>
  <testcase name="loginPageTest" time="2.887" classname="com.qa.hubspot.tests.LoginPageTest"/>
</testsuite> <!-- com.qa.hubspot.tests.LoginPageTest -->
