<?xml version="1.0" encoding="UTF-8"?>
<!-- Generated by org.testng.reporters.JUnitReportReporter -->
<testsuite skipped="0" hostname="Nur" name="com.qa.hubspot.LoginPageTest.HomePageTest" tests="3" failures="0" timestamp="04 Jul 2020 06:58:14 GMT" time="3.260" errors="0">
  <testcase name="verifyHomePageHeaderTest" time="3.099" classname="com.qa.hubspot.LoginPageTest.HomePageTest"/>
  <testcase name="verifyHomePageTitleTest" time="0.007" classname="com.qa.hubspot.LoginPageTest.HomePageTest"/>
  <testcase name="verifyLoggedinUserTest" time="0.154" classname="com.qa.hubspot.LoginPageTest.HomePageTest"/>
</testsuite> <!-- com.qa.hubspot.LoginPageTest.HomePageTest -->
